000 (34080053.000.000) 2024-10-04 15:48:39 Job submitted from host: <90.147.169.224:9618?addrs=90.147.169.224-9618&alias=ettore.recas.ba.infn.it&noUDP&sock=schedd_7750_6f11>
...
001 (34080053.000.000) 2024-10-04 15:48:50 Job executing on host: <90.147.169.40:9618?addrs=90.147.169.40-9618&alias=wn-gpu-7-9-28.recas.ba.infn.it&noUDP&sock=startd_4858_c32c>
...
006 (34080053.000.000) 2024-10-04 15:48:59 Image size of job updated: 3174276
	319  -  MemoryUsage of job (MB)
	326196  -  ResidentSetSize of job (KB)
...
005 (34080053.000.000) 2024-10-04 15:49:06 Job terminated.
	(1) Normal termination (return value 0)
		Usr 0 00:00:14, Sys 0 00:00:01  -  Run Remote Usage
		Usr 0 00:00:00, Sys 0 00:00:00  -  Run Local Usage
		Usr 0 00:00:14, Sys 0 00:00:01  -  Total Remote Usage
		Usr 0 00:00:00, Sys 0 00:00:00  -  Total Local Usage
	0  -  Run Bytes Sent By Job
	0  -  Run Bytes Received By Job
	0  -  Total Bytes Sent By Job
	0  -  Total Bytes Received By Job
	Partitionable Resources :    Usage  Request Allocated Assigned
	   Cpus                 :                 1         1 
	   Disk (KB)            :        1        1   2006172 
	   Gpus (Average)       :                 1         1 "GPU-479068b2"
	   Memory (MB)          :      319     8192      8192 

	Job terminated of its own accord at 2024-10-04T13:49:05Z.
...
